<?xml version="1.0" encoding="UTF-8"?>
<!-- Generated by org.testng.reporters.JUnitXMLReporter -->
<testsuite ignored="1" hostname="LAPTOP-POTAI8HB" failures="0" tests="1" name="Test 1" time="6.411" errors="0" timestamp="2023-06-15T11:57:05 IST">
  <testcase classname="TestCases.SubmitOrderTestNg" name="orderValidation" time="1.546"/>
  <testcase classname="TestCases.SubmitOrderTestNg" name="submitordertest" time="0.0">
    <ignored/>
  </testcase> <!-- submitordertest -->
</testsuite> <!-- Test 1 -->
